{
  "RSpec": {
    "coverage": {
      "/Users/nitin/workspace/projects/real_estate_api/spec/support/controller_spec_helper.rb": [
        1,
        null,
        1,
        57,
        null,
        null,
        1,
        5,
        null,
        null,
        null
      ],
      "/Users/nitin/workspace/projects/real_estate_api/app/commands/authenticate_user.rb": [
        1,
        1,
        null,
        1,
        10,
        10,
        null,
        null,
        1,
        10,
        null,
        null,
        1,
        null,
        1,
        null,
        1,
        15,
        15,
        5,
        null,
        null,
        null
      ],
      "/Users/nitin/workspace/projects/real_estate_api/spec/commands/authorize_api_request_spec.rb": [
        1,
        null,
        1,
        null,
        1,
        9,
        null,
        null,
        1,
        1,
        5,
        null,
        2,
        2,
        2,
        2,
        null,
        null,
        1,
        5,
        5,
        null,
        2,
        2,
        2,
        2,
        null,
        null,
        1,
        5,
        5,
        null,
        2,
        2,
        2,
        2,
        null,
        null,
        null
      ],
      "/Users/nitin/workspace/projects/real_estate_api/app/commands/authorize_api_request.rb": [
        1,
        1,
        null,
        1,
        65,
        null,
        null,
        1,
        65,
        null,
        null,
        1,
        null,
        1,
        null,
        1,
        65,
        65,
        null,
        null,
        1,
        122,
        null,
        null,
        1,
        65,
        61,
        null,
        4,
        null,
        null,
        1,
        65,
        null,
        null
      ],
      "/Users/nitin/workspace/projects/real_estate_api/spec/controllers/api/v1/apartments_controller_spec.rb": [
        1,
        null,
        1,
        54,
        1,
        53,
        null,
        null,
        1,
        53,
        null,
        null,
        1,
        null,
        1,
        4,
        1,
        3,
        30,
        null,
        null,
        null,
        null,
        null,
        null,
        null,
        null,
        1,
        3,
        null,
        null,
        2,
        2,
        2,
        null,
        null,
        null,
        1,
        4,
        1,
        3,
        39,
        null,
        null,
        null,
        null,
        null,
        null,
        null,
        null,
        1,
        3,
        null,
        null,
        2,
        2,
        2,
        null,
        null,
        null,
        1,
        null,
        22,
        1,
        21,
        null,
        null,
        1,
        21,
        null,
        null,
        1,
        21,
        null,
        null,
        1,
        21,
        null,
        null,
        null,
        1,
        null,
        1,
        3,
        6,
        null,
        null,
        null,
        null,
        null,
        null,
        null,
        1,
        3,
        null,
        null,
        2,
        2,
        2,
        null,
        null,
        null,
        1,
        null,
        1,
        1,
        3,
        6,
        null,
        null,
        null,
        null,
        null,
        null,
        null,
        1,
        3,
        null,
        null,
        2,
        2,
        2,
        null,
        null,
        null,
        1,
        1,
        3,
        9,
        null,
        null,
        null,
        null,
        null,
        null,
        null,
        1,
        3,
        null,
        null,
        2,
        2,
        2,
        null,
        null,
        null,
        1,
        1,
        3,
        9,
        null,
        null,
        null,
        null,
        null,
        null,
        null,
        1,
        3,
        null,
        null,
        2,
        2,
        2,
        null,
        null,
        null,
        null,
        1,
        null,
        1,
        1,
        3,
        6,
        null,
        null,
        null,
        null,
        null,
        null,
        null,
        1,
        3,
        null,
        null,
        2,
        2,
        2,
        null,
        null,
        null,
        1,
        1,
        3,
        6,
        null,
        null,
        null,
        null,
        null,
        null,
        null,
        1,
        3,
        null,
        null,
        2,
        2,
        2,
        null,
        null,
        null,
        1,
        1,
        3,
        6,
        null,
        null,
        null,
        null,
        null,
        null,
        null,
        1,
        3,
        null,
        null,
        2,
        2,
        2,
        null,
        null,
        null,
        null,
        null,
        null,
        1,
        5,
        1,
        4,
        null,
        null,
        null,
        null,
        null,
        null,
        null,
        1,
        1,
        2,
        null,
        null,
        2,
        2,
        null,
        null,
        1,
        1,
        2,
        null,
        null,
        2,
        2,
        null,
        null,
        null,
        1,
        7,
        null,
        1,
        1,
        3,
        null,
        null,
        2,
        2,
        2,
        null,
        null,
        1,
        1,
        3,
        null,
        null,
        2,
        2,
        2,
        null,
        null,
        null,
        1,
        11,
        null,
        1,
        1,
        2,
        null,
        null,
        2,
        2,
        null,
        null,
        1,
        1,
        4,
        null,
        null,
        null,
        null,
        2,
        2,
        2,
        2,
        null,
        null,
        1,
        1,
        4,
        null,
        null,
        null,
        null,
        2,
        2,
        2,
        2,
        null,
        null,
        null,
        1,
        7,
        null,
        1,
        1,
        3,
        null,
        null,
        2,
        2,
        2,
        null,
        null,
        1,
        1,
        3,
        null,
        null,
        2,
        2,
        2,
        null,
        null,
        null,
        null
      ],
      "/Users/nitin/workspace/projects/real_estate_api/app/controllers/api/v1/apartments_controller.rb": [
        1,
        1,
        1,
        null,
        1,
        null,
        1,
        27,
        27,
        21,
        null,
        27,
        27,
        null,
        null,
        1,
        2,
        null,
        null,
        1,
        6,
        6,
        3,
        null,
        3,
        null,
        null,
        null,
        1,
        8,
        4,
        null,
        4,
        null,
        null,
        null,
        1,
        3,
        3,
        null,
        null,
        null,
        1,
        null,
        1,
        14,
        null,
        null,
        1,
        20,
        null,
        7,
        null,
        null,
        1,
        27,
        24,
        null,
        null,
        1,
        27,
        24,
        null,
        null,
        1,
        72,
        null,
        null,
        1,
        21,
        21,
        21,
        90,
        90,
        null,
        null,
        21,
        null,
        null,
        1,
        90,
        null,
        3,
        3,
        null,
        6,
        6,
        null,
        6,
        6,
        null,
        6,
        6,
        null,
        6,
        6,
        null,
        null,
        null,
        null,
        null,
        null
      ],
      "/Users/nitin/workspace/projects/real_estate_api/app/controllers/application_controller.rb": [
        1,
        1,
        1,
        null,
        1,
        null,
        1,
        53,
        53,
        null,
        null
      ],
      "/Users/nitin/workspace/projects/real_estate_api/spec/controllers/authenticate_controller_spec.rb": [
        1,
        null,
        1,
        null,
        1,
        2,
        1,
        2,
        null,
        1,
        1,
        null,
        null,
        1,
        1,
        null,
        null,
        1,
        2,
        null,
        null,
        1,
        2,
        null,
        1,
        1,
        1,
        null,
        null,
        null,
        1,
        2,
        null,
        1,
        1,
        1,
        null,
        null,
        null,
        null
      ],
      "/Users/nitin/workspace/projects/real_estate_api/app/controllers/authenticate_controller.rb": [
        1,
        null,
        1,
        null,
        1,
        2,
        2,
        1,
        null,
        1,
        null,
        null,
        null
      ],
      "/Users/nitin/workspace/projects/real_estate_api/spec/lib/json_web_token_spec.rb": [
        1,
        null,
        1,
        2,
        null,
        1,
        2,
        1,
        1,
        null,
        null,
        2,
        null,
        null,
        1,
        1,
        2,
        null,
        null,
        1,
        2,
        null,
        null,
        1,
        2,
        2,
        null,
        null,
        1,
        2,
        1,
        1,
        null,
        2,
        null,
        null,
        null,
        null
      ],
      "/Users/nitin/workspace/projects/real_estate_api/lib/json_web_token.rb": [
        1,
        null,
        1,
        68,
        68,
        null,
        null,
        1,
        69,
        null,
        11,
        null,
        null,
        null
      ],
      "/Users/nitin/workspace/projects/real_estate_api/spec/models/apartment_spec.rb": [
        1,
        null,
        1,
        null,
        1,
        7,
        null,
        1,
        4,
        null,
        4,
        null,
        2,
        2,
        2,
        null,
        null,
        1,
        4,
        null,
        4,
        null,
        2,
        2,
        2,
        null,
        null,
        null,
        null
      ],
      "/Users/nitin/workspace/projects/real_estate_api/app/models/apartment.rb": [
        1,
        1,
        null,
        1,
        null
      ],
      "/Users/nitin/workspace/projects/real_estate_api/app/models/application_record.rb": [
        1,
        1,
        null
      ],
      "/Users/nitin/workspace/projects/real_estate_api/spec/models/user_spec.rb": [
        1,
        null,
        1,
        null,
        1,
        3,
        null,
        2,
        2,
        null,
        null
      ],
      "/Users/nitin/workspace/projects/real_estate_api/app/models/user.rb": [
        1,
        1,
        null,
        null
      ],
      "/Users/nitin/workspace/projects/real_estate_api/spec/routing/apartments_routing_spec.rb": [
        1,
        null,
        1,
        null,
        1,
        1,
        null,
        null,
        1,
        1,
        null,
        null,
        1,
        1,
        null,
        null,
        1,
        1,
        null,
        null,
        1,
        1,
        null,
        null
      ],
      "/Users/nitin/workspace/projects/real_estate_api/spec/routing/authenticate_routing_spec.rb": [
        1,
        null,
        1,
        1,
        1,
        null,
        null
      ]
    },
    "timestamp": 1529227613
  }
}
